2021-02-25 03:22:35
Exit
0 : None
-IN-AZ- : 
-IN-ALT- : 
-EN-SRT- : False
-EN-SERVO- : True
-EN-AFE- : False
-EN-JOG- : False
4 : Default Folder
Browse : 
GUI log ends here

2021-02-25 03:36:12
Exit
0 : None
-IN-AZ- : 
-IN-ALT- : 
-EN-SRT- : False
-EN-SERVO- : True
-EN-AFE- : False
-EN-JOG- : False
4 : Default Folder
Browse : 
GUI log ends here

2021-02-25 03:36:20
Exit
0 : None
-IN-AZ- : 
-IN-ALT- : 
-EN-SRT- : False
-EN-SERVO- : False
-EN-AFE- : False
-EN-JOG- : False
4 : Default Folder
Browse : 
GUI log ends here

2021-02-26 01:43:40
None
Window closed by X 
GUI log ends here

2021-02-26 01:49:07
Exit
0 : None
-IN-AZ- : 
-IN-ALT- : 
-EN-SRT- : False
-EN-SERVO- : False
-EN-AFE- : False
-EN-JOG- : False
4 : Default Folder
Browse : 
GUI log ends here

2021-02-26 01:49:11
None
Window closed by X 
GUI log ends here

2021-02-26 01:49:31
None
Window closed by X 
GUI log ends here

2021-02-26 01:51:38
Exit
0 : None
-IN-AZ- : 
-IN-ALT- : 
-EN-SRT- : False
-EN-SERVO- : False
-EN-AFE- : False
-EN-JOG- : False
4 : Default Folder
Browse : 
GUI log ends here

2021-02-26 02:00:56
None
Window closed by X 
GUI log ends here

2021-02-26 02:01:20
Exit
0 : None
-IN-AZ- : 
-IN-ALT- : 
-EN-SRT- : False
-EN-SERVO- : False
-EN-AFE- : False
-EN-JOG- : True
4 : Default Folder
Browse : 
GUI log ends here

2021-02-26 02:02:36
Exit
0 : None
-IN-AZ- : 
-IN-ALT- : 
-EN-SRT- : False
-EN-SERVO- : False
-EN-AFE- : False
-EN-JOG- : False
4 : Default Folder
Browse : 
GUI log ends here

2021-02-26 02:06:36
Exit
0 : None
-IN-AZ- : 
-IN-ALT- : 
-EN-SRT- : False
-EN-SERVO- : False
-EN-AFE- : False
-EN-JOG- : False
4 : Default Folder
Browse : 
GUI log ends here

2021-02-26 02:07:58
Exit
0 : None
-IN-AZ- : 
-IN-ALT- : 
-EN-SRT- : False
-EN-SERVO- : False
-EN-AFE- : False
-EN-JOG- : False
4 : Default Folder
Browse : 
GUI log ends here

2021-02-26 02:08:36
Exit
0 : None
-IN-AZ- : 
-IN-ALT- : 
-EN-SRT- : False
-EN-SERVO- : False
-EN-AFE- : False
-EN-JOG- : False
4 : Default Folder
Browse : 
GUI log ends here

2021-02-26 20:07:06
None
Window closed by X 
GUI log ends here

2021-02-26 20:08:07
Exit
0 : None
-IN-AZ- : 
-IN-ALT- : 
-EN-SRT- : False
-EN-SERVO- : False
-EN-AFE- : False
-EN-JOG- : False
4 : Default Folder
Browse : 
GUI log ends here

2021-02-26 20:09:27
Exit
0 : None
-IN-AZ- : 
-IN-ALT- : 
-EN-SRT- : False
-EN-SERVO- : False
-EN-AFE- : False
-EN-JOG- : False
4 : Default Folder
Browse : 
GUI log ends here

2021-02-28 13:54:40
None
Window closed by X 
GUI log ends here

2021-02-28 13:57:47
Exit
0 : None
-IN-AZ- : 
-IN-ALT- : 
-EN-SRT- : False
-EN-SERVO- : True
-EN-AFE- : False
-EN-JOG- : True
4 : Default Folder
Browse : 
GUI log ends here

2021-02-28 13:58:49
Exit
0 : None
-IN-AZ- : 
-IN-ALT- : 
-EN-SRT- : False
-EN-SERVO- : True
-EN-AFE- : False
-EN-JOG- : True
4 : Default Folder
Browse : 
GUI log ends here

2021-02-28 14:08:00
None
Window closed by X 
GUI log ends here

2021-02-28 14:14:40
Exit
0 : None
-IN-AZ- : 
-IN-ALT- : 
-EN-SRT- : True
-EN-SERVO- : True
-EN-AFE- : True
-EN-JOG- : True
4 : Default Folder
Browse : 
GUI log ends here

2021-02-28 15:45:24
Exit
0 : None
-IN-AZ- : 
-IN-ALT- : 
-EN-SRT- : False
-EN-SERVO- : False
-EN-AFE- : False
-EN-JOG- : False
4 : Default Folder
Browse : 
GUI log ends here

2021-02-28 15:56:05
Exit
0 : None
-IN-AZ- : 
-IN-ALT- : 
-EN-SRT- : False
-EN-SERVO- : False
-EN-AFE- : False
-EN-JOG- : False
4 : Default Folder
Browse : 
GUI log ends here

2021-02-28 16:29:18
Exit
0 : None
-IN-AZ- : 
-IN-ALT- : 
-EN-SRT- : False
-EN-SERVO- : True
-EN-AFE- : False
-EN-JOG- : True
4 : Default Folder
Browse : 
Abs AZ: 4294953250
Abs ALT: 4294911607
GUI log ends here

2021-02-28 16:31:01
Exit
0 : None
-IN-AZ- : 
-IN-ALT- : 
-EN-SRT- : False
-EN-SERVO- : True
-EN-AFE- : False
-EN-JOG- : True
4 : Default Folder
Browse : 
Abs AZ: 0
Abs ALT: 0
GUI log ends here

2021-02-28 16:38:35
Exit
0 : None
-IN-AZ- : 
-IN-ALT- : 
-EN-SRT- : False
-EN-SERVO- : False
-EN-AFE- : False
-EN-JOG- : False
4 : Default Folder
Browse : 
Abs AZ: 359133
Abs ALT: 4294851250
GUI log ends here

2021-02-28 16:40:05
Exit
0 : None
-IN-AZ- : 
-IN-ALT- : 
-EN-SRT- : False
-EN-SERVO- : False
-EN-AFE- : False
-EN-JOG- : False
4 : Default Folder
Browse : 
Abs AZ: 0
Abs ALT: 4294944079
GUI log ends here

2021-02-28 16:42:05
Exit
0 : None
-IN-AZ- : 
-IN-ALT- : 
-EN-SRT- : False
-EN-SERVO- : False
-EN-AFE- : False
-EN-JOG- : False
4 : Default Folder
Browse : 
Abs AZ: 0
Abs ALT: 4294966364
GUI log ends here

2021-02-28 16:44:06
Exit
0 : None
-IN-AZ- : 
-IN-ALT- : 
-EN-SRT- : False
-EN-SERVO- : False
-EN-AFE- : False
-EN-JOG- : False
4 : Default Folder
Browse : 
Abs AZ: 0
Abs ALT: 148572
GUI log ends here

2021-03-04 04:12:23
Exit
0 : None
-IN-AZ- : 
-IN-ALT- : 
-EN-SRT- : False
-EN-SERVO- : False
-EN-AFE- : False
-EN-JOG- : False
4 : Default Folder
Browse : 
Last GUIstatus: 0b0
Last AZ Position: 0
Last ALT Position: 0
;GUI log ends here

2021-03-04 04:16:04
Exit
0 : None
-IN-AZ- : 
-IN-ALT- : 
-EN-SRT- : False
-EN-SERVO- : False
-EN-AFE- : False
-EN-JOG- : False
4 : Default Folder
Browse : 
Last GUIstatus: 0b1000
Last AZ Position: 0
Last ALT Position: 0
;GUI log ends here

2021-03-06 15:45:12
Exit
0 : None
-IN-AZ- : 
-IN-ALT- : 
-EN-SRT- : False
-EN-SERVO- : False
-EN-AFE- : False
-EN-JOG- : False
4 : Default Folder
Browse : 
Last GUIstatus: 0b0
Last AZ Position: 0
Last ALT Position: 0
;GUI log ends here

